  [1m[36mTrax::Theme Load (2.1ms)[0m  [1mSELECT "trax_themes".* FROM "trax_themes" WHERE "trax_themes"."name" = 'bootstrap3' ORDER BY "trax_themes"."id" ASC LIMIT 1[0m
  [1m[35mTrax::Channel Load (1.0ms)[0m  SELECT "trax_channels".* FROM "trax_channels" WHERE "trax_channels"."routing_strategy" IN ('STATIC')
  [1m[36mTrax::Entry Load (0.9ms)[0m  [1mSELECT "trax_entries".* FROM "trax_entries" WHERE "trax_entries"."routing_strategy" IN ('STATIC')[0m
DEPRECATION WARNING: The following options in your Trax::MenuItem.has_many :children declaration are deprecated: :order. Please use a scope block instead. For example, the following:

    has_many :spam_comments, conditions: { spam: true }, class_name: 'Comment'

should be rewritten as the following:

    has_many :spam_comments, -> { where spam: true }, class_name: 'Comment'
. (called from <class:MenuItem> at /Users/jayre/gems/trax/core/app/models/trax/menu_item.rb:3)


Started GET "/" for 127.0.0.1 at 2013-11-26 18:52:52 -0700
Processing by Trax::ChannelsController#index as HTML
  [1m[35mTrax::Site Load (19.3ms)[0m  SELECT "trax_sites".* FROM "trax_sites" WHERE "trax_sites"."host" IN ('localhost') ORDER BY "trax_sites"."id" ASC LIMIT 1
  [1m[36mTrax::Theme Load (1.0ms)[0m  [1mSELECT "trax_themes".* FROM "trax_themes" WHERE "trax_themes"."id" = $1 ORDER BY "trax_themes"."id" ASC LIMIT 1[0m  [["id", "24658edc-1f27-4499-9828-c2c4301b2a95"]]
  [1m[35mTrax::Channel Load (10.0ms)[0m  SELECT "trax_channels".* FROM "trax_channels" WHERE "trax_channels"."site_id" = $1  [["site_id", "23a24376-953b-4faf-b08f-85d9b477ca1d"]]
  Rendered /Users/jayre/gems/trax/frontend/app/views/trax/channels/index.html.erb within layouts/one_column (77.2ms)
Completed 200 OK in 268ms (Views: 193.9ms | ActiveRecord: 36.8ms)


Started GET "/assets/bootstrap3.css?body=1" for 127.0.0.1 at 2013-11-26 18:52:52 -0700


Started GET "/assets/bootstrap.css?body=1" for 127.0.0.1 at 2013-11-26 18:52:53 -0700


Started GET "/assets/sticky-footer-navbar.css?body=1" for 127.0.0.1 at 2013-11-26 18:52:53 -0700


Started GET "/assets/bootstrap-theme.css?body=1" for 127.0.0.1 at 2013-11-26 18:52:53 -0700


Started GET "/assets/jquery-1.10.2.min.js?body=1" for 127.0.0.1 at 2013-11-26 18:52:53 -0700


Started GET "/assets/bootstrap.js?body=1" for 127.0.0.1 at 2013-11-26 18:52:53 -0700


Started GET "/assets/bootstrap.min.js?body=1" for 127.0.0.1 at 2013-11-26 18:52:53 -0700


Started GET "/assets/bootstrap3.js?body=1" for 127.0.0.1 at 2013-11-26 18:52:53 -0700


Started GET "/admin" for 127.0.0.1 at 2013-11-26 18:52:57 -0700
Processing by Trax::Admin::DashboardController#index as HTML
  Rendered /Users/jayre/gems/trax/admin/app/views/trax/admin/dashboard/index.html.erb within trax/admin/layouts/one_column (0.3ms)
  Rendered /Users/jayre/gems/trax/admin/app/views/trax/admin/layouts/_header.html.erb (0.7ms)
  Rendered /Users/jayre/gems/trax/admin/app/views/trax/admin/layouts/_sidebar.html.erb (0.3ms)
Completed 200 OK in 1052ms (Views: 1051.5ms | ActiveRecord: 0.0ms)


Started GET "/assets/trax/admin/animate.min.css?body=1" for 127.0.0.1 at 2013-11-26 18:52:58 -0700


Started GET "/assets/trax/admin/application.css?body=1" for 127.0.0.1 at 2013-11-26 18:52:58 -0700


Started GET "/assets/trax/admin/bootstrap.css?body=1" for 127.0.0.1 at 2013-11-26 18:52:58 -0700


Started GET "/assets/trax/admin/cloud-admin.css?body=1" for 127.0.0.1 at 2013-11-26 18:52:58 -0700


Started GET "/assets/trax/admin/bootstrap-theme.css?body=1" for 127.0.0.1 at 2013-11-26 18:52:58 -0700


Started GET "/assets/trax/admin/chosen.css?body=1" for 127.0.0.1 at 2013-11-26 18:52:58 -0700


Started GET "/assets/trax/admin/cusel.css?body=1" for 127.0.0.1 at 2013-11-26 18:52:58 -0700


Started GET "/assets/trax/admin/default.css?body=1" for 127.0.0.1 at 2013-11-26 18:52:58 -0700


Started GET "/assets/trax/admin/flags/flags.min.css?body=1" for 127.0.0.1 at 2013-11-26 18:52:58 -0700


Started GET "/assets/trax/admin/font-awesome.css?body=1" for 127.0.0.1 at 2013-11-26 18:52:58 -0700


Started GET "/assets/trax/admin/inbox.css?body=1" for 127.0.0.1 at 2013-11-26 18:52:58 -0700


Started GET "/assets/trax/admin/jquery-ui-1.8.20.custom.css?body=1" for 127.0.0.1 at 2013-11-26 18:52:58 -0700


Started GET "/assets/trax/admin/prettyPhoto.css?body=1" for 127.0.0.1 at 2013-11-26 18:52:58 -0700


Started GET "/assets/trax/admin/responsive.css?body=1" for 127.0.0.1 at 2013-11-26 18:52:58 -0700


Started GET "/assets/trax/admin/responsive.min.css?body=1" for 127.0.0.1 at 2013-11-26 18:52:58 -0700


Started GET "/assets/trax/admin/sticky-footer-navbar.css?body=1" for 127.0.0.1 at 2013-11-26 18:52:58 -0700


Started GET "/assets/trax/admin/zstyles.css?body=1" for 127.0.0.1 at 2013-11-26 18:52:58 -0700


Started GET "/assets/trax/admin/lib/a.jquery-1.10.2.min.js?body=1" for 127.0.0.1 at 2013-11-26 18:52:58 -0700


Started GET "/assets/trax/admin/lib/angular.js?body=1" for 127.0.0.1 at 2013-11-26 18:52:58 -0700


Started GET "/assets/trax/admin/lib/b.jquery-ui-1.10.3.custom.min.js?body=1" for 127.0.0.1 at 2013-11-26 18:52:58 -0700


Started GET "/assets/trax/admin/lib/bootstrap-datepicker.js?body=1" for 127.0.0.1 at 2013-11-26 18:52:58 -0700


Started GET "/assets/trax/admin/lib/bootstrap.js?body=1" for 127.0.0.1 at 2013-11-26 18:52:58 -0700


Started GET "/assets/trax/admin/lib/bootstrap.min.js?body=1" for 127.0.0.1 at 2013-11-26 18:52:58 -0700


Started GET "/assets/jquery-1.10.2.min.js?body=1" for 127.0.0.1 at 2013-11-26 18:52:58 -0700


Started GET "/assets/trax/admin/lib/lodash.js?body=1" for 127.0.0.1 at 2013-11-26 18:52:58 -0700


Started GET "/assets/trax/admin/lib/d3.v3.min.js?body=1" for 127.0.0.1 at 2013-11-26 18:52:58 -0700


Started GET "/assets/trax/admin/lib/spin.js?body=1" for 127.0.0.1 at 2013-11-26 18:52:58 -0700


Started GET "/assets/trax/admin/lib/ui-bootstrap-tpls-0.2.0.js?body=1" for 127.0.0.1 at 2013-11-26 18:52:58 -0700


Started GET "/assets/trax/admin/lib/z.angular-ui.min.js?body=1" for 127.0.0.1 at 2013-11-26 18:52:58 -0700


Started GET "/assets/trax/admin/lib/z.underscore_extensions.js?body=1" for 127.0.0.1 at 2013-11-26 18:52:58 -0700


Started GET "/assets/trax/admin/lib/zz.angularjs-rails-resource.js?body=1" for 127.0.0.1 at 2013-11-26 18:52:58 -0700


Started GET "/assets/trax/admin/lib/bootstrap3.js?body=1" for 127.0.0.1 at 2013-11-26 18:52:58 -0700


Started GET "/assets/trax/admin/core_ext/date.js?body=1" for 127.0.0.1 at 2013-11-26 18:52:59 -0700


Started GET "/assets/trax/admin/core_ext/number.js?body=1" for 127.0.0.1 at 2013-11-26 18:52:59 -0700


Started GET "/assets/trax/admin/core_ext/string.js?body=1" for 127.0.0.1 at 2013-11-26 18:52:59 -0700


Started GET "/assets/trax/admin/angular/admin/app.js?body=1" for 127.0.0.1 at 2013-11-26 18:52:59 -0700


Started GET "/assets/trax/admin/angular/admin/channels/app.js?body=1" for 127.0.0.1 at 2013-11-26 18:52:59 -0700


Started GET "/assets/trax/admin/angular/admin/channels/controllers.js?body=1" for 127.0.0.1 at 2013-11-26 18:52:59 -0700


Started GET "/assets/trax/admin/angular/admin/channels/controllers/index_controller.js?body=1" for 127.0.0.1 at 2013-11-26 18:52:59 -0700


Started GET "/assets/trax/admin/angular/admin/channels/controllers/show_controller.js?body=1" for 127.0.0.1 at 2013-11-26 18:52:59 -0700


Started GET "/assets/trax/admin/angular/admin/channels/routes.js?body=1" for 127.0.0.1 at 2013-11-26 18:52:59 -0700


Started GET "/assets/trax/admin/angular/admin/channels/services.js?body=1" for 127.0.0.1 at 2013-11-26 18:52:59 -0700


Started GET "/assets/trax/admin/angular/admin/entries/app.js?body=1" for 127.0.0.1 at 2013-11-26 18:52:59 -0700


Started GET "/assets/trax/admin/angular/admin/entries/controllers.js?body=1" for 127.0.0.1 at 2013-11-26 18:52:59 -0700


Started GET "/assets/trax/admin/angular/admin/entries/routes.js?body=1" for 127.0.0.1 at 2013-11-26 18:52:59 -0700


Started GET "/assets/trax/admin/angular/admin/entries/services.js?body=1" for 127.0.0.1 at 2013-11-26 18:52:59 -0700


Started GET "/assets/trax/admin/angular/admin/controllers.js?body=1" for 127.0.0.1 at 2013-11-26 18:52:59 -0700


Started GET "/assets/trax/admin/angular/admin/directives.js?body=1" for 127.0.0.1 at 2013-11-26 18:52:59 -0700


Started GET "/assets/trax/admin/angular/admin/entries/controllers/index_controller.js?body=1" for 127.0.0.1 at 2013-11-26 18:52:59 -0700


Started GET "/assets/trax/admin/angular/admin/entries/controllers/show_controller.js?body=1" for 127.0.0.1 at 2013-11-26 18:52:59 -0700


Started GET "/assets/trax/admin/angular/admin/filters.js?body=1" for 127.0.0.1 at 2013-11-26 18:52:59 -0700


Started GET "/assets/trax/admin/angular/admin/services.js?body=1" for 127.0.0.1 at 2013-11-26 18:52:59 -0700


Started GET "/assets/trax/admin/angular/admin/templates.js?body=1" for 127.0.0.1 at 2013-11-26 18:52:59 -0700


Started GET "/assets/trax/admin/angular/common/app.js?body=1" for 127.0.0.1 at 2013-11-26 18:52:59 -0700


Started GET "/assets/trax/admin/angular/common/controllers.js?body=1" for 127.0.0.1 at 2013-11-26 18:52:59 -0700


Started GET "/assets/trax/admin/angular/common/controllers/collection_controller.js?body=1" for 127.0.0.1 at 2013-11-26 18:52:59 -0700


Started GET "/assets/trax/admin/angular/common/directives.js?body=1" for 127.0.0.1 at 2013-11-26 18:52:59 -0700


Started GET "/assets/trax/admin/angular/common/directives/pager.js?body=1" for 127.0.0.1 at 2013-11-26 18:52:59 -0700


Started GET "/assets/trax/admin/angular/common/directives/datepicker.js?body=1" for 127.0.0.1 at 2013-11-26 18:52:59 -0700


Started GET "/assets/trax/admin/angular/common/directives/spinner.js?body=1" for 127.0.0.1 at 2013-11-26 18:52:59 -0700


Started GET "/assets/trax/admin/angular/common/filters.js?body=1" for 127.0.0.1 at 2013-11-26 18:52:59 -0700


Started GET "/assets/trax/admin/angular/common/services.js?body=1" for 127.0.0.1 at 2013-11-26 18:52:59 -0700


Started GET "/assets/trax/admin/angular/common/services/resource.js?body=1" for 127.0.0.1 at 2013-11-26 18:52:59 -0700


Started GET "/assets/trax/admin/angular/common/services/templates.js?body=1" for 127.0.0.1 at 2013-11-26 18:52:59 -0700


Started GET "/assets/trax/admin/angular/app.js?body=1" for 127.0.0.1 at 2013-11-26 18:52:59 -0700


Started GET "/assets/trax/admin/angular/routes.js?body=1" for 127.0.0.1 at 2013-11-26 18:52:59 -0700


Started GET "/assets/trax/admin/application.js?body=1" for 127.0.0.1 at 2013-11-26 18:52:59 -0700


Started GET "/img/avatars/avatar3.jpg" for 127.0.0.1 at 2013-11-26 18:52:59 -0700

ActionController::RoutingError (No route matches [GET] "/img/avatars/avatar3.jpg"):
  actionpack (4.0.1) lib/action_dispatch/middleware/debug_exceptions.rb:21:in `call'
  actionpack (4.0.1) lib/action_dispatch/middleware/show_exceptions.rb:30:in `call'
  railties (4.0.1) lib/rails/rack/logger.rb:38:in `call_app'
  railties (4.0.1) lib/rails/rack/logger.rb:20:in `block in call'
  activesupport (4.0.1) lib/active_support/tagged_logging.rb:67:in `block in tagged'
  activesupport (4.0.1) lib/active_support/tagged_logging.rb:25:in `tagged'
  activesupport (4.0.1) lib/active_support/tagged_logging.rb:67:in `tagged'
  railties (4.0.1) lib/rails/rack/logger.rb:20:in `call'
  actionpack (4.0.1) lib/action_dispatch/middleware/request_id.rb:21:in `call'
  rack (1.5.2) lib/rack/methodoverride.rb:21:in `call'
  rack (1.5.2) lib/rack/runtime.rb:17:in `call'
  activesupport (4.0.1) lib/active_support/cache/strategy/local_cache.rb:83:in `call'
  rack (1.5.2) lib/rack/lock.rb:17:in `call'
  actionpack (4.0.1) lib/action_dispatch/middleware/static.rb:64:in `call'
  rack (1.5.2) lib/rack/sendfile.rb:112:in `call'
  railties (4.0.1) lib/rails/engine.rb:511:in `call'
  railties (4.0.1) lib/rails/application.rb:97:in `call'
  rack (1.5.2) lib/rack/lock.rb:17:in `call'
  rack (1.5.2) lib/rack/content_length.rb:14:in `call'
  rack (1.5.2) lib/rack/handler/webrick.rb:60:in `service'
  /Users/jayre/.rvm/rubies/ruby-2.0.0-p0/lib/ruby/2.0.0/webrick/httpserver.rb:138:in `service'
  /Users/jayre/.rvm/rubies/ruby-2.0.0-p0/lib/ruby/2.0.0/webrick/httpserver.rb:94:in `run'
  /Users/jayre/.rvm/rubies/ruby-2.0.0-p0/lib/ruby/2.0.0/webrick/server.rb:295:in `block in start_thread'


  Rendered /Users/jayre/.rvm/gems/ruby-2.0.0-p0/gems/actionpack-4.0.1/lib/action_dispatch/middleware/templates/rescues/_trace.erb (1.0ms)
  Rendered /Users/jayre/.rvm/gems/ruby-2.0.0-p0/gems/actionpack-4.0.1/lib/action_dispatch/middleware/templates/routes/_route.html.erb (64.0ms)
  Rendered /Users/jayre/.rvm/gems/ruby-2.0.0-p0/gems/actionpack-4.0.1/lib/action_dispatch/middleware/templates/routes/_route.html.erb (0.0ms)
  Rendered /Users/jayre/.rvm/gems/ruby-2.0.0-p0/gems/actionpack-4.0.1/lib/action_dispatch/middleware/templates/routes/_table.html.erb (4.9ms)
  Rendered /Users/jayre/.rvm/gems/ruby-2.0.0-p0/gems/actionpack-4.0.1/lib/action_dispatch/middleware/templates/rescues/routing_error.erb within rescues/layout (151.5ms)


Started GET "/img/avatars/avatar1.jpg" for 127.0.0.1 at 2013-11-26 18:52:59 -0700

ActionController::RoutingError (No route matches [GET] "/img/avatars/avatar1.jpg"):
  actionpack (4.0.1) lib/action_dispatch/middleware/debug_exceptions.rb:21:in `call'
  actionpack (4.0.1) lib/action_dispatch/middleware/show_exceptions.rb:30:in `call'
  railties (4.0.1) lib/rails/rack/logger.rb:38:in `call_app'
  railties (4.0.1) lib/rails/rack/logger.rb:20:in `block in call'
  activesupport (4.0.1) lib/active_support/tagged_logging.rb:67:in `block in tagged'
  activesupport (4.0.1) lib/active_support/tagged_logging.rb:25:in `tagged'
  activesupport (4.0.1) lib/active_support/tagged_logging.rb:67:in `tagged'
  railties (4.0.1) lib/rails/rack/logger.rb:20:in `call'
  actionpack (4.0.1) lib/action_dispatch/middleware/request_id.rb:21:in `call'
  rack (1.5.2) lib/rack/methodoverride.rb:21:in `call'
  rack (1.5.2) lib/rack/runtime.rb:17:in `call'
  activesupport (4.0.1) lib/active_support/cache/strategy/local_cache.rb:83:in `call'
  rack (1.5.2) lib/rack/lock.rb:17:in `call'
  actionpack (4.0.1) lib/action_dispatch/middleware/static.rb:64:in `call'
  rack (1.5.2) lib/rack/sendfile.rb:112:in `call'
  railties (4.0.1) lib/rails/engine.rb:511:in `call'
  railties (4.0.1) lib/rails/application.rb:97:in `call'
  rack (1.5.2) lib/rack/lock.rb:17:in `call'
  rack (1.5.2) lib/rack/content_length.rb:14:in `call'
  rack (1.5.2) lib/rack/handler/webrick.rb:60:in `service'
  /Users/jayre/.rvm/rubies/ruby-2.0.0-p0/lib/ruby/2.0.0/webrick/httpserver.rb:138:in `service'
  /Users/jayre/.rvm/rubies/ruby-2.0.0-p0/lib/ruby/2.0.0/webrick/httpserver.rb:94:in `run'
  /Users/jayre/.rvm/rubies/ruby-2.0.0-p0/lib/ruby/2.0.0/webrick/server.rb:295:in `block in start_thread'


  Rendered /Users/jayre/.rvm/gems/ruby-2.0.0-p0/gems/actionpack-4.0.1/lib/action_dispatch/middleware/templates/rescues/_trace.erb (1.0ms)
  Rendered /Users/jayre/.rvm/gems/ruby-2.0.0-p0/gems/actionpack-4.0.1/lib/action_dispatch/middleware/templates/routes/_route.html.erb (9.2ms)
  Rendered /Users/jayre/.rvm/gems/ruby-2.0.0-p0/gems/actionpack-4.0.1/lib/action_dispatch/middleware/templates/routes/_route.html.erb (0.0ms)
  Rendered /Users/jayre/.rvm/gems/ruby-2.0.0-p0/gems/actionpack-4.0.1/lib/action_dispatch/middleware/templates/routes/_table.html.erb (1.1ms)
  Rendered /Users/jayre/.rvm/gems/ruby-2.0.0-p0/gems/actionpack-4.0.1/lib/action_dispatch/middleware/templates/rescues/routing_error.erb within rescues/layout (69.2ms)


Started GET "/img/avatars/avatar8.jpg" for 127.0.0.1 at 2013-11-26 18:52:59 -0700

ActionController::RoutingError (No route matches [GET] "/img/avatars/avatar8.jpg"):
  actionpack (4.0.1) lib/action_dispatch/middleware/debug_exceptions.rb:21:in `call'
  actionpack (4.0.1) lib/action_dispatch/middleware/show_exceptions.rb:30:in `call'
  railties (4.0.1) lib/rails/rack/logger.rb:38:in `call_app'
  railties (4.0.1) lib/rails/rack/logger.rb:20:in `block in call'
  activesupport (4.0.1) lib/active_support/tagged_logging.rb:67:in `block in tagged'
  activesupport (4.0.1) lib/active_support/tagged_logging.rb:25:in `tagged'
  activesupport (4.0.1) lib/active_support/tagged_logging.rb:67:in `tagged'
  railties (4.0.1) lib/rails/rack/logger.rb:20:in `call'
  actionpack (4.0.1) lib/action_dispatch/middleware/request_id.rb:21:in `call'
  rack (1.5.2) lib/rack/methodoverride.rb:21:in `call'
  rack (1.5.2) lib/rack/runtime.rb:17:in `call'
  activesupport (4.0.1) lib/active_support/cache/strategy/local_cache.rb:83:in `call'
  rack (1.5.2) lib/rack/lock.rb:17:in `call'
  actionpack (4.0.1) lib/action_dispatch/middleware/static.rb:64:in `call'
  rack (1.5.2) lib/rack/sendfile.rb:112:in `call'
  railties (4.0.1) lib/rails/engine.rb:511:in `call'
  railties (4.0.1) lib/rails/application.rb:97:in `call'
  rack (1.5.2) lib/rack/lock.rb:17:in `call'
  rack (1.5.2) lib/rack/content_length.rb:14:in `call'
  rack (1.5.2) lib/rack/handler/webrick.rb:60:in `service'
  /Users/jayre/.rvm/rubies/ruby-2.0.0-p0/lib/ruby/2.0.0/webrick/httpserver.rb:138:in `service'
  /Users/jayre/.rvm/rubies/ruby-2.0.0-p0/lib/ruby/2.0.0/webrick/httpserver.rb:94:in `run'
  /Users/jayre/.rvm/rubies/ruby-2.0.0-p0/lib/ruby/2.0.0/webrick/server.rb:295:in `block in start_thread'


  Rendered /Users/jayre/.rvm/gems/ruby-2.0.0-p0/gems/actionpack-4.0.1/lib/action_dispatch/middleware/templates/rescues/_trace.erb (1.3ms)
  Rendered /Users/jayre/.rvm/gems/ruby-2.0.0-p0/gems/actionpack-4.0.1/lib/action_dispatch/middleware/templates/routes/_route.html.erb (9.8ms)
  Rendered /Users/jayre/.rvm/gems/ruby-2.0.0-p0/gems/actionpack-4.0.1/lib/action_dispatch/middleware/templates/routes/_route.html.erb (0.0ms)
  Rendered /Users/jayre/.rvm/gems/ruby-2.0.0-p0/gems/actionpack-4.0.1/lib/action_dispatch/middleware/templates/routes/_table.html.erb (1.3ms)
  Rendered /Users/jayre/.rvm/gems/ruby-2.0.0-p0/gems/actionpack-4.0.1/lib/action_dispatch/middleware/templates/rescues/routing_error.erb within rescues/layout (71.2ms)


Started GET "/img/avatars/avatar2.jpg" for 127.0.0.1 at 2013-11-26 18:53:00 -0700

ActionController::RoutingError (No route matches [GET] "/img/avatars/avatar2.jpg"):
  actionpack (4.0.1) lib/action_dispatch/middleware/debug_exceptions.rb:21:in `call'
  actionpack (4.0.1) lib/action_dispatch/middleware/show_exceptions.rb:30:in `call'
  railties (4.0.1) lib/rails/rack/logger.rb:38:in `call_app'
  railties (4.0.1) lib/rails/rack/logger.rb:20:in `block in call'
  activesupport (4.0.1) lib/active_support/tagged_logging.rb:67:in `block in tagged'
  activesupport (4.0.1) lib/active_support/tagged_logging.rb:25:in `tagged'
  activesupport (4.0.1) lib/active_support/tagged_logging.rb:67:in `tagged'
  railties (4.0.1) lib/rails/rack/logger.rb:20:in `call'
  actionpack (4.0.1) lib/action_dispatch/middleware/request_id.rb:21:in `call'
  rack (1.5.2) lib/rack/methodoverride.rb:21:in `call'
  rack (1.5.2) lib/rack/runtime.rb:17:in `call'
  activesupport (4.0.1) lib/active_support/cache/strategy/local_cache.rb:83:in `call'
  rack (1.5.2) lib/rack/lock.rb:17:in `call'
  actionpack (4.0.1) lib/action_dispatch/middleware/static.rb:64:in `call'
  rack (1.5.2) lib/rack/sendfile.rb:112:in `call'
  railties (4.0.1) lib/rails/engine.rb:511:in `call'
  railties (4.0.1) lib/rails/application.rb:97:in `call'
  rack (1.5.2) lib/rack/lock.rb:17:in `call'
  rack (1.5.2) lib/rack/content_length.rb:14:in `call'
  rack (1.5.2) lib/rack/handler/webrick.rb:60:in `service'
  /Users/jayre/.rvm/rubies/ruby-2.0.0-p0/lib/ruby/2.0.0/webrick/httpserver.rb:138:in `service'
  /Users/jayre/.rvm/rubies/ruby-2.0.0-p0/lib/ruby/2.0.0/webrick/httpserver.rb:94:in `run'
  /Users/jayre/.rvm/rubies/ruby-2.0.0-p0/lib/ruby/2.0.0/webrick/server.rb:295:in `block in start_thread'


  Rendered /Users/jayre/.rvm/gems/ruby-2.0.0-p0/gems/actionpack-4.0.1/lib/action_dispatch/middleware/templates/rescues/_trace.erb (1.1ms)
  Rendered /Users/jayre/.rvm/gems/ruby-2.0.0-p0/gems/actionpack-4.0.1/lib/action_dispatch/middleware/templates/routes/_route.html.erb (9.6ms)
  Rendered /Users/jayre/.rvm/gems/ruby-2.0.0-p0/gems/actionpack-4.0.1/lib/action_dispatch/middleware/templates/routes/_route.html.erb (0.0ms)
  Rendered /Users/jayre/.rvm/gems/ruby-2.0.0-p0/gems/actionpack-4.0.1/lib/action_dispatch/middleware/templates/routes/_table.html.erb (1.1ms)
  Rendered /Users/jayre/.rvm/gems/ruby-2.0.0-p0/gems/actionpack-4.0.1/lib/action_dispatch/middleware/templates/rescues/routing_error.erb within rescues/layout (71.1ms)


Started GET "/img/avatars/avatar1.jpg" for 127.0.0.1 at 2013-11-26 18:53:00 -0700

ActionController::RoutingError (No route matches [GET] "/img/avatars/avatar1.jpg"):
  actionpack (4.0.1) lib/action_dispatch/middleware/debug_exceptions.rb:21:in `call'
  actionpack (4.0.1) lib/action_dispatch/middleware/show_exceptions.rb:30:in `call'
  railties (4.0.1) lib/rails/rack/logger.rb:38:in `call_app'
  railties (4.0.1) lib/rails/rack/logger.rb:20:in `block in call'
  activesupport (4.0.1) lib/active_support/tagged_logging.rb:67:in `block in tagged'
  activesupport (4.0.1) lib/active_support/tagged_logging.rb:25:in `tagged'
  activesupport (4.0.1) lib/active_support/tagged_logging.rb:67:in `tagged'
  railties (4.0.1) lib/rails/rack/logger.rb:20:in `call'
  actionpack (4.0.1) lib/action_dispatch/middleware/request_id.rb:21:in `call'
  rack (1.5.2) lib/rack/methodoverride.rb:21:in `call'
  rack (1.5.2) lib/rack/runtime.rb:17:in `call'
  activesupport (4.0.1) lib/active_support/cache/strategy/local_cache.rb:83:in `call'
  rack (1.5.2) lib/rack/lock.rb:17:in `call'
  actionpack (4.0.1) lib/action_dispatch/middleware/static.rb:64:in `call'
  rack (1.5.2) lib/rack/sendfile.rb:112:in `call'
  railties (4.0.1) lib/rails/engine.rb:511:in `call'
  railties (4.0.1) lib/rails/application.rb:97:in `call'
  rack (1.5.2) lib/rack/lock.rb:17:in `call'
  rack (1.5.2) lib/rack/content_length.rb:14:in `call'
  rack (1.5.2) lib/rack/handler/webrick.rb:60:in `service'
  /Users/jayre/.rvm/rubies/ruby-2.0.0-p0/lib/ruby/2.0.0/webrick/httpserver.rb:138:in `service'
  /Users/jayre/.rvm/rubies/ruby-2.0.0-p0/lib/ruby/2.0.0/webrick/httpserver.rb:94:in `run'
  /Users/jayre/.rvm/rubies/ruby-2.0.0-p0/lib/ruby/2.0.0/webrick/server.rb:295:in `block in start_thread'


  Rendered /Users/jayre/.rvm/gems/ruby-2.0.0-p0/gems/actionpack-4.0.1/lib/action_dispatch/middleware/templates/rescues/_trace.erb (1.0ms)
  Rendered /Users/jayre/.rvm/gems/ruby-2.0.0-p0/gems/actionpack-4.0.1/lib/action_dispatch/middleware/templates/routes/_route.html.erb (75.8ms)
  Rendered /Users/jayre/.rvm/gems/ruby-2.0.0-p0/gems/actionpack-4.0.1/lib/action_dispatch/middleware/templates/routes/_route.html.erb (0.0ms)
  Rendered /Users/jayre/.rvm/gems/ruby-2.0.0-p0/gems/actionpack-4.0.1/lib/action_dispatch/middleware/templates/routes/_table.html.erb (1.2ms)
  Rendered /Users/jayre/.rvm/gems/ruby-2.0.0-p0/gems/actionpack-4.0.1/lib/action_dispatch/middleware/templates/rescues/routing_error.erb within rescues/layout (136.1ms)


Started GET "/img/avatars/avatar8.jpg" for 127.0.0.1 at 2013-11-26 18:53:00 -0700

ActionController::RoutingError (No route matches [GET] "/img/avatars/avatar8.jpg"):
  actionpack (4.0.1) lib/action_dispatch/middleware/debug_exceptions.rb:21:in `call'
  actionpack (4.0.1) lib/action_dispatch/middleware/show_exceptions.rb:30:in `call'
  railties (4.0.1) lib/rails/rack/logger.rb:38:in `call_app'
  railties (4.0.1) lib/rails/rack/logger.rb:20:in `block in call'
  activesupport (4.0.1) lib/active_support/tagged_logging.rb:67:in `block in tagged'
  activesupport (4.0.1) lib/active_support/tagged_logging.rb:25:in `tagged'
  activesupport (4.0.1) lib/active_support/tagged_logging.rb:67:in `tagged'
  railties (4.0.1) lib/rails/rack/logger.rb:20:in `call'
  actionpack (4.0.1) lib/action_dispatch/middleware/request_id.rb:21:in `call'
  rack (1.5.2) lib/rack/methodoverride.rb:21:in `call'
  rack (1.5.2) lib/rack/runtime.rb:17:in `call'
  activesupport (4.0.1) lib/active_support/cache/strategy/local_cache.rb:83:in `call'
  rack (1.5.2) lib/rack/lock.rb:17:in `call'
  actionpack (4.0.1) lib/action_dispatch/middleware/static.rb:64:in `call'
  rack (1.5.2) lib/rack/sendfile.rb:112:in `call'
  railties (4.0.1) lib/rails/engine.rb:511:in `call'
  railties (4.0.1) lib/rails/application.rb:97:in `call'
  rack (1.5.2) lib/rack/lock.rb:17:in `call'
  rack (1.5.2) lib/rack/content_length.rb:14:in `call'
  rack (1.5.2) lib/rack/handler/webrick.rb:60:in `service'
  /Users/jayre/.rvm/rubies/ruby-2.0.0-p0/lib/ruby/2.0.0/webrick/httpserver.rb:138:in `service'
  /Users/jayre/.rvm/rubies/ruby-2.0.0-p0/lib/ruby/2.0.0/webrick/httpserver.rb:94:in `run'
  /Users/jayre/.rvm/rubies/ruby-2.0.0-p0/lib/ruby/2.0.0/webrick/server.rb:295:in `block in start_thread'


  Rendered /Users/jayre/.rvm/gems/ruby-2.0.0-p0/gems/actionpack-4.0.1/lib/action_dispatch/middleware/templates/rescues/_trace.erb (1.1ms)
  Rendered /Users/jayre/.rvm/gems/ruby-2.0.0-p0/gems/actionpack-4.0.1/lib/action_dispatch/middleware/templates/routes/_route.html.erb (9.2ms)
  Rendered /Users/jayre/.rvm/gems/ruby-2.0.0-p0/gems/actionpack-4.0.1/lib/action_dispatch/middleware/templates/routes/_route.html.erb (0.0ms)
  Rendered /Users/jayre/.rvm/gems/ruby-2.0.0-p0/gems/actionpack-4.0.1/lib/action_dispatch/middleware/templates/routes/_table.html.erb (1.0ms)
  Rendered /Users/jayre/.rvm/gems/ruby-2.0.0-p0/gems/actionpack-4.0.1/lib/action_dispatch/middleware/templates/rescues/routing_error.erb within rescues/layout (72.6ms)


Started GET "/img/avatars/avatar2.jpg" for 127.0.0.1 at 2013-11-26 18:53:00 -0700

ActionController::RoutingError (No route matches [GET] "/img/avatars/avatar2.jpg"):
  actionpack (4.0.1) lib/action_dispatch/middleware/debug_exceptions.rb:21:in `call'
  actionpack (4.0.1) lib/action_dispatch/middleware/show_exceptions.rb:30:in `call'
  railties (4.0.1) lib/rails/rack/logger.rb:38:in `call_app'
  railties (4.0.1) lib/rails/rack/logger.rb:20:in `block in call'
  activesupport (4.0.1) lib/active_support/tagged_logging.rb:67:in `block in tagged'
  activesupport (4.0.1) lib/active_support/tagged_logging.rb:25:in `tagged'
  activesupport (4.0.1) lib/active_support/tagged_logging.rb:67:in `tagged'
  railties (4.0.1) lib/rails/rack/logger.rb:20:in `call'
  actionpack (4.0.1) lib/action_dispatch/middleware/request_id.rb:21:in `call'
  rack (1.5.2) lib/rack/methodoverride.rb:21:in `call'
  rack (1.5.2) lib/rack/runtime.rb:17:in `call'
  activesupport (4.0.1) lib/active_support/cache/strategy/local_cache.rb:83:in `call'
  rack (1.5.2) lib/rack/lock.rb:17:in `call'
  actionpack (4.0.1) lib/action_dispatch/middleware/static.rb:64:in `call'
  rack (1.5.2) lib/rack/sendfile.rb:112:in `call'
  railties (4.0.1) lib/rails/engine.rb:511:in `call'
  railties (4.0.1) lib/rails/application.rb:97:in `call'
  rack (1.5.2) lib/rack/lock.rb:17:in `call'
  rack (1.5.2) lib/rack/content_length.rb:14:in `call'
  rack (1.5.2) lib/rack/handler/webrick.rb:60:in `service'
  /Users/jayre/.rvm/rubies/ruby-2.0.0-p0/lib/ruby/2.0.0/webrick/httpserver.rb:138:in `service'
  /Users/jayre/.rvm/rubies/ruby-2.0.0-p0/lib/ruby/2.0.0/webrick/httpserver.rb:94:in `run'
  /Users/jayre/.rvm/rubies/ruby-2.0.0-p0/lib/ruby/2.0.0/webrick/server.rb:295:in `block in start_thread'


  Rendered /Users/jayre/.rvm/gems/ruby-2.0.0-p0/gems/actionpack-4.0.1/lib/action_dispatch/middleware/templates/rescues/_trace.erb (1.0ms)
  Rendered /Users/jayre/.rvm/gems/ruby-2.0.0-p0/gems/actionpack-4.0.1/lib/action_dispatch/middleware/templates/routes/_route.html.erb (8.5ms)
  Rendered /Users/jayre/.rvm/gems/ruby-2.0.0-p0/gems/actionpack-4.0.1/lib/action_dispatch/middleware/templates/routes/_route.html.erb (0.0ms)
  Rendered /Users/jayre/.rvm/gems/ruby-2.0.0-p0/gems/actionpack-4.0.1/lib/action_dispatch/middleware/templates/routes/_table.html.erb (1.0ms)
  Rendered /Users/jayre/.rvm/gems/ruby-2.0.0-p0/gems/actionpack-4.0.1/lib/action_dispatch/middleware/templates/rescues/routing_error.erb within rescues/layout (64.8ms)


Started GET "/img/avatars/avatar3.jpg" for 127.0.0.1 at 2013-11-26 18:53:00 -0700

ActionController::RoutingError (No route matches [GET] "/img/avatars/avatar3.jpg"):
  actionpack (4.0.1) lib/action_dispatch/middleware/debug_exceptions.rb:21:in `call'
  actionpack (4.0.1) lib/action_dispatch/middleware/show_exceptions.rb:30:in `call'
  railties (4.0.1) lib/rails/rack/logger.rb:38:in `call_app'
  railties (4.0.1) lib/rails/rack/logger.rb:20:in `block in call'
  activesupport (4.0.1) lib/active_support/tagged_logging.rb:67:in `block in tagged'
  activesupport (4.0.1) lib/active_support/tagged_logging.rb:25:in `tagged'
  activesupport (4.0.1) lib/active_support/tagged_logging.rb:67:in `tagged'
  railties (4.0.1) lib/rails/rack/logger.rb:20:in `call'
  actionpack (4.0.1) lib/action_dispatch/middleware/request_id.rb:21:in `call'
  rack (1.5.2) lib/rack/methodoverride.rb:21:in `call'
  rack (1.5.2) lib/rack/runtime.rb:17:in `call'
  activesupport (4.0.1) lib/active_support/cache/strategy/local_cache.rb:83:in `call'
  rack (1.5.2) lib/rack/lock.rb:17:in `call'
  actionpack (4.0.1) lib/action_dispatch/middleware/static.rb:64:in `call'
  rack (1.5.2) lib/rack/sendfile.rb:112:in `call'
  railties (4.0.1) lib/rails/engine.rb:511:in `call'
  railties (4.0.1) lib/rails/application.rb:97:in `call'
  rack (1.5.2) lib/rack/lock.rb:17:in `call'
  rack (1.5.2) lib/rack/content_length.rb:14:in `call'
  rack (1.5.2) lib/rack/handler/webrick.rb:60:in `service'
  /Users/jayre/.rvm/rubies/ruby-2.0.0-p0/lib/ruby/2.0.0/webrick/httpserver.rb:138:in `service'
  /Users/jayre/.rvm/rubies/ruby-2.0.0-p0/lib/ruby/2.0.0/webrick/httpserver.rb:94:in `run'
  /Users/jayre/.rvm/rubies/ruby-2.0.0-p0/lib/ruby/2.0.0/webrick/server.rb:295:in `block in start_thread'


  Rendered /Users/jayre/.rvm/gems/ruby-2.0.0-p0/gems/actionpack-4.0.1/lib/action_dispatch/middleware/templates/rescues/_trace.erb (0.9ms)
  Rendered /Users/jayre/.rvm/gems/ruby-2.0.0-p0/gems/actionpack-4.0.1/lib/action_dispatch/middleware/templates/routes/_route.html.erb (9.4ms)
  Rendered /Users/jayre/.rvm/gems/ruby-2.0.0-p0/gems/actionpack-4.0.1/lib/action_dispatch/middleware/templates/routes/_route.html.erb (0.0ms)
  Rendered /Users/jayre/.rvm/gems/ruby-2.0.0-p0/gems/actionpack-4.0.1/lib/action_dispatch/middleware/templates/routes/_table.html.erb (1.1ms)
  Rendered /Users/jayre/.rvm/gems/ruby-2.0.0-p0/gems/actionpack-4.0.1/lib/action_dispatch/middleware/templates/rescues/routing_error.erb within rescues/layout (65.6ms)


Started GET "/assets/fontawesome-webfont.woff?v=4.0.3" for 127.0.0.1 at 2013-11-26 18:53:00 -0700


Started GET "/assets/templates/admin/channels/index.html" for 127.0.0.1 at 2013-11-26 18:53:00 -0700


Started GET "/assets/templates/admin/channels/show.html" for 127.0.0.1 at 2013-11-26 18:53:01 -0700


Started GET "/assets/templates/admin/channels/new.html" for 127.0.0.1 at 2013-11-26 18:53:01 -0700


Started GET "/admin/channels" for 127.0.0.1 at 2013-11-26 18:53:01 -0700
Processing by Trax::Admin::ChannelsController#index as JSON
  [1m[36mTrax::Site Load (0.6ms)[0m  [1mSELECT "trax_sites".* FROM "trax_sites" WHERE "trax_sites"."host" IN ('localhost') ORDER BY "trax_sites"."id" ASC LIMIT 1[0m
  [1m[35mTrax::Channel Load (1.4ms)[0m  SELECT "trax_channels".* FROM "trax_channels" WHERE "trax_channels"."site_id" = $1  [["site_id", "23a24376-953b-4faf-b08f-85d9b477ca1d"]]
Completed 200 OK in 78ms (Views: 61.4ms | ActiveRecord: 2.0ms)


Started GET "/admin/channels" for 127.0.0.1 at 2013-11-26 18:53:17 -0700
Processing by Trax::Admin::ChannelsController#index as JSON
  [1m[36mTrax::Site Load (0.5ms)[0m  [1mSELECT "trax_sites".* FROM "trax_sites" WHERE "trax_sites"."host" IN ('localhost') ORDER BY "trax_sites"."id" ASC LIMIT 1[0m
  [1m[35mTrax::Channel Load (1.3ms)[0m  SELECT "trax_channels".* FROM "trax_channels" WHERE "trax_channels"."site_id" = $1  [["site_id", "23a24376-953b-4faf-b08f-85d9b477ca1d"]]
Completed 200 OK in 71ms (Views: 57.6ms | ActiveRecord: 1.8ms)
